<?xml version="1.0" encoding="UTF-8"?>
<testng-results skipped="0" failed="0" ignored="0" total="1" passed="1">
  <reporter-output>
  </reporter-output>
  <suite name="Default suite" duration-ms="49483" started-at="2022-04-20T18:48:36Z" finished-at="2022-04-20T18:49:26Z">
    <groups>
    </groups>
    <test name="Default test" duration-ms="49483" started-at="2022-04-20T18:48:36Z" finished-at="2022-04-20T18:49:26Z">
      <class name="org.Test.mainClass">
        <test-method status="PASS" signature="t2()[pri:0, instance:org.Test.mainClass@bbfa04]" name="t2" duration-ms="47034" started-at="2022-04-20T18:48:36Z" finished-at="2022-04-20T18:49:23Z">
          <reporter-output>
          </reporter-output>
        </test-method> <!-- t2 -->
        <test-method status="PASS" signature="am()[pri:0, instance:org.Test.mainClass@bbfa04]" name="am" is-config="true" duration-ms="2369" started-at="2022-04-20T18:49:23Z" finished-at="2022-04-20T18:49:26Z">
          <reporter-output>
          </reporter-output>
        </test-method> <!-- am -->
      </class> <!-- org.Test.mainClass -->
    </test> <!-- Default test -->
  </suite> <!-- Default suite -->
</testng-results>
